[Stage C] RL Fine-tuning
[Stage C] Device: cuda
[Stage C] Split: train_4city_balanced, Epochs: 50, Batch: 1024
[Stage C] Loading pre-extracted cache: /media/skr/storage/autoresearch/CarPlanner_Implementation/checkpoints/stage_cache_train_4city_balanced.pt
[PreextractedDataset] Loading /media/skr/storage/autoresearch/CarPlanner_Implementation/checkpoints/stage_cache_train_4city_balanced.pt...
[PreextractedDataset] 229511 samples loaded in 7.1s
[Stage C] Cache loaded: 229511 samples, 225 batches
[Stage C] Parameters: 7,469,584
[Stage C] Loaded frozen transition model: checkpoints/stage_a_best.pt
[Stage C] Loaded 190/190 params from: checkpoints/stage_b_20260424_140710/stage_b_epoch_020.pt
[Stage C]   New params (value_head, action_log_std) randomly initialised
[PreextractedDataset] Loading /media/skr/storage/autoresearch/CarPlanner_Implementation/checkpoints/stage_cache_val14.pt...
[PreextractedDataset] 1116 samples loaded in 0.0s
[Stage C] Val14 loaded: 1116 samples, 2 batches
  Epoch 1/50  [45/225]  L_total=16.0794  L_policy=0.0215  L_value=3.9657
  Epoch 1/50  [90/225]  L_total=14.2798  L_policy=0.0255  L_value=3.2203
  Epoch 1/50  [135/225]  L_total=14.3922  L_policy=0.0291  L_value=3.1381
  Epoch 1/50  [180/225]  L_total=14.2908  L_policy=0.0305  L_value=3.0675
  Epoch 1/50  [225/225]  L_total=15.2433  L_policy=0.0404  L_value=3.0923
Epoch 1/50  train=20.3337  L_policy=0.0590  L_value=4.1424  L_entropy=-4.2256  L_selector=2.0105  val=14.9287  (544.9s)
  * New best saved: /media/skr/storage/autoresearch/CarPlanner_Implementation/checkpoints/stage_c_20260426_161413/stage_c_best.pt
  Epoch 2/50  [45/225]  L_total=3487.2319  L_policy=34.7707  L_value=2.7377
  Epoch 2/50  [90/225]  L_total=14.3210  L_policy=0.0380  L_value=2.8460
  Epoch 2/50  [135/225]  L_total=13.4985  L_policy=0.0345  L_value=2.7067
  Epoch 2/50  [180/225]  L_total=14.0404  L_policy=0.0354  L_value=2.8465
  Epoch 2/50  [225/225]  L_total=15.6282  L_policy=0.0558  L_value=2.6965
Epoch 2/50  train=35.3401  L_policy=0.2476  L_value=2.8669  L_entropy=-4.1681  L_selector=1.9794  val=12.8217  (565.0s)
  * New best saved: /media/skr/storage/autoresearch/CarPlanner_Implementation/checkpoints/stage_c_20260426_161413/stage_c_best.pt
  Epoch 3/50  [45/225]  L_total=13.9482  L_policy=0.0363  L_value=2.7786
  Epoch 3/50  [90/225]  L_total=12.8075  L_policy=0.0303  L_value=2.5987
  Epoch 3/50  [135/225]  L_total=13.9529  L_policy=0.0399  L_value=2.6967
  Epoch 3/50  [180/225]  L_total=13.2905  L_policy=0.0342  L_value=2.6253
  Epoch 3/50  [225/225]  L_total=52.0496  L_policy=0.4282  L_value=2.4322
Epoch 3/50  train=14.5366  L_policy=0.0471  L_value=2.6174  L_entropy=-4.1177  L_selector=1.9750  val=14.5159  (577.3s)
  Epoch 4/50  [45/225]  L_total=13.4804  L_policy=0.0356  L_value=2.6681
  Epoch 4/50  [90/225]  L_total=12.9537  L_policy=0.0348  L_value=2.5068
  Epoch 4/50  [135/225]  L_total=13.4100  L_policy=0.0452  L_value=2.3265
  Epoch 4/50  [180/225]  L_total=12.7858  L_policy=0.0342  L_value=2.4281
  Epoch 4/50  [225/225]  L_total=12.5666  L_policy=0.0350  L_value=2.3806
Epoch 4/50  train=14.7910  L_policy=0.0562  L_value=2.4061  L_entropy=-4.0700  L_selector=1.9595  val=13.0091  (570.7s)
  Epoch 5/50  [45/225]  L_total=12.2695  L_policy=0.0354  L_value=2.2779
  Epoch 5/50  [90/225]  L_total=11.5045  L_policy=0.0352  L_value=2.0275
  Epoch 5/50  [135/225]  L_total=12.7380  L_policy=0.0417  L_value=2.2134
  Epoch 5/50  [180/225]  L_total=12.1559  L_policy=0.0369  L_value=2.1630
  Epoch 5/50  [225/225]  L_total=12.9304  L_policy=0.0429  L_value=2.2362
Epoch 5/50  train=20.9309  L_policy=0.1227  L_value=2.2362  L_entropy=-4.0224  L_selector=1.9579  val=12.0636  (573.6s)
  * New best saved: /media/skr/storage/autoresearch/CarPlanner_Implementation/checkpoints/stage_c_20260426_161413/stage_c_best.pt
  Epoch 6/50  [45/225]  L_total=12.4526  L_policy=0.0462  L_value=1.9770
  Epoch 6/50  [90/225]  L_total=12.7475  L_policy=0.0494  L_value=1.9571
  Epoch 6/50  [135/225]  L_total=12.1667  L_policy=0.0378  L_value=2.1537
  Epoch 6/50  [180/225]  L_total=13.4419  L_policy=0.0509  L_value=2.1138
  Epoch 6/50  [225/225]  L_total=12.8059  L_policy=0.0449  L_value=2.1271
Epoch 6/50  train=22.4013  L_policy=0.1416  L_value=2.0976  L_entropy=-3.9771  L_selector=1.9515  val=13.3879  (568.3s)
  Epoch 7/50  [45/225]  L_total=13.4747  L_policy=0.0537  L_value=2.0575
  Epoch 7/50  [90/225]  L_total=13.0173  L_policy=0.0540  L_value=1.8897
  Epoch 7/50  [135/225]  L_total=14.2460  L_policy=0.0582  L_value=2.1579
  Epoch 7/50  [180/225]  L_total=14.7453  L_policy=0.0698  L_value=1.9529
  Epoch 7/50  [225/225]  L_total=14.1292  L_policy=0.0582  L_value=2.0795
Epoch 7/50  train=15.0964  L_policy=0.0728  L_value=1.9564  L_entropy=-3.9327  L_selector=1.9480  val=12.7157  (552.9s)
  Epoch 8/50  [45/225]  L_total=14.2041  L_policy=0.0638  L_value=1.9750
  Epoch 8/50  [90/225]  L_total=13.2275  L_policy=0.0599  L_value=1.7594
  Epoch 8/50  [135/225]  L_total=14.3860  L_policy=0.0657  L_value=1.9746
  Epoch 8/50  [180/225]  L_total=14.3105  L_policy=0.0707  L_value=1.7573
  Epoch 8/50  [225/225]  L_total=15.2668  L_policy=0.0796  L_value=1.8061
Epoch 8/50  train=18.9488  L_policy=0.1149  L_value=1.8409  L_entropy=-3.8905  L_selector=1.9402  val=13.1111  (511.7s)
  Epoch 9/50  [45/225]  L_total=14.5256  L_policy=0.0775  L_value=1.6174
  Epoch 9/50  [90/225]  L_total=16.1450  L_policy=0.0879  L_value=1.8016
  Epoch 9/50  [135/225]  L_total=15.8777  L_policy=0.0881  L_value=1.7228
  Epoch 9/50  [180/225]  L_total=15.3559  L_policy=0.0795  L_value=1.8395
  Epoch 9/50  [225/225]  L_total=17.4562  L_policy=0.1061  L_value=1.6542
Epoch 9/50  train=22.9964  L_policy=0.1580  L_value=1.7560  L_entropy=-3.8498  L_selector=1.9315  val=15.1768  (511.9s)
  Epoch 10/50  [45/225]  L_total=16.8267  L_policy=0.0981  L_value=1.6670
  Epoch 10/50  [90/225]  L_total=16.2274  L_policy=0.0913  L_value=1.7052
  Epoch 10/50  [135/225]  L_total=16.0450  L_policy=0.0876  L_value=1.7782
  Epoch 10/50  [180/225]  L_total=17.0422  L_policy=0.1018  L_value=1.6746
  Epoch 10/50  [225/225]  L_total=16.4490  L_policy=0.0882  L_value=1.9072
Epoch 10/50  train=18.4283  L_policy=0.1132  L_value=1.7269  L_entropy=-3.8103  L_selector=1.9270  val=14.1257  (511.8s)
  Epoch 11/50  [45/225]  L_total=16.4296  L_policy=0.0917  L_value=1.7633
